[0313/040604.829:ERROR:process_reader_win.cc(154)] SuspendThread: Отказано в доступе. (0x5)
[0313/040604.844:ERROR:process_reader_win.cc(154)] SuspendThread: Отказано в доступе. (0x5)
[0313/040604.844:ERROR:process_reader_win.cc(154)] SuspendThread: Отказано в доступе. (0x5)
[0313/040604.844:ERROR:process_reader_win.cc(154)] SuspendThread: Отказано в доступе. (0x5)
[0313/040604.844:ERROR:process_reader_win.cc(154)] SuspendThread: Отказано в доступе. (0x5)
[0313/040604.844:ERROR:process_reader_win.cc(154)] SuspendThread: Отказано в доступе. (0x5)
[0313/040604.844:ERROR:process_reader_win.cc(154)] SuspendThread: Отказано в доступе. (0x5)
[0313/040604.844:ERROR:process_reader_win.cc(154)] SuspendThread: Отказано в доступе. (0x5)
[0313/040604.844:ERROR:process_reader_win.cc(154)] SuspendThread: Отказано в доступе. (0x5)
[0313/040604.844:ERROR:process_reader_win.cc(154)] SuspendThread: Отказано в доступе. (0x5)
[0313/040604.844:ERROR:process_reader_win.cc(154)] SuspendThread: Отказано в доступе. (0x5)
[0313/040604.844:ERROR:process_reader_win.cc(154)] SuspendThread: Отказано в доступе. (0x5)
[0313/040604.844:ERROR:process_reader_win.cc(154)] SuspendThread: Отказано в доступе. (0x5)
[0313/040604.844:ERROR:process_reader_win.cc(154)] SuspendThread: Отказано в доступе. (0x5)
[0313/040604.844:ERROR:process_reader_win.cc(154)] SuspendThread: Отказано в доступе. (0x5)
[0313/040604.844:ERROR:process_reader_win.cc(154)] SuspendThread: Отказано в доступе. (0x5)
[0313/040604.844:ERROR:process_reader_win.cc(154)] SuspendThread: Отказано в доступе. (0x5)
[0313/040604.844:ERROR:process_reader_win.cc(154)] SuspendThread: Отказано в доступе. (0x5)
[0313/040604.844:ERROR:process_reader_win.cc(154)] SuspendThread: Отказано в доступе. (0x5)
[0313/040604.844:ERROR:process_reader_win.cc(154)] SuspendThread: Отказано в доступе. (0x5)
[0313/040604.844:ERROR:process_reader_win.cc(154)] SuspendThread: Отказано в доступе. (0x5)
[0313/040604.844:ERROR:process_reader_win.cc(154)] SuspendThread: Отказано в доступе. (0x5)
[0313/040604.844:ERROR:process_reader_win.cc(154)] SuspendThread: Отказано в доступе. (0x5)
[0313/040604.844:ERROR:process_reader_win.cc(154)] SuspendThread: Отказано в доступе. (0x5)
[0313/040604.844:ERROR:process_reader_win.cc(154)] SuspendThread: Отказано в доступе. (0x5)
[0313/040604.844:ERROR:process_reader_win.cc(154)] SuspendThread: Отказано в доступе. (0x5)
[0313/040604.844:ERROR:process_reader_win.cc(154)] SuspendThread: Отказано в доступе. (0x5)
[0313/040604.844:ERROR:process_reader_win.cc(154)] SuspendThread: Отказано в доступе. (0x5)
[0313/040604.844:ERROR:process_reader_win.cc(154)] SuspendThread: Отказано в доступе. (0x5)
[0313/040604.844:ERROR:process_reader_win.cc(154)] SuspendThread: Отказано в доступе. (0x5)
[0313/040604.844:ERROR:process_reader_win.cc(154)] SuspendThread: Отказано в доступе. (0x5)
[0313/040604.844:ERROR:process_reader_win.cc(154)] SuspendThread: Отказано в доступе. (0x5)
[0313/040604.844:ERROR:process_reader_win.cc(154)] SuspendThread: Отказано в доступе. (0x5)
[0313/040604.844:ERROR:process_reader_win.cc(154)] SuspendThread: Отказано в доступе. (0x5)
[0313/040604.844:ERROR:process_reader_win.cc(154)] SuspendThread: Отказано в доступе. (0x5)
[0313/040604.844:ERROR:process_reader_win.cc(154)] SuspendThread: Отказано в доступе. (0x5)
[0313/040604.844:ERROR:process_reader_win.cc(154)] SuspendThread: Отказано в доступе. (0x5)
[0313/040604.844:ERROR:process_reader_win.cc(154)] SuspendThread: Отказано в доступе. (0x5)
[0313/040604.844:ERROR:process_reader_win.cc(154)] SuspendThread: Отказано в доступе. (0x5)
[0313/040604.844:ERROR:process_reader_win.cc(154)] SuspendThread: Отказано в доступе. (0x5)
[0313/040604.844:ERROR:process_reader_win.cc(154)] SuspendThread: Отказано в доступе. (0x5)
[0313/040604.844:ERROR:process_reader_win.cc(154)] SuspendThread: Отказано в доступе. (0x5)
[0313/040604.844:ERROR:process_reader_win.cc(154)] SuspendThread: Отказано в доступе. (0x5)
[0313/040604.844:ERROR:process_reader_win.cc(154)] SuspendThread: Отказано в доступе. (0x5)
[0313/040604.844:ERROR:process_info.cc(329)] VirtualQueryEx: Отказано в доступе. (0x5)
[0313/040604.844:ERROR:process_info.cc(556)] ReadMemoryInfo failed
[0313/040604.844:ERROR:process_memory_win.cc(39)] Failed to initialize ProcessInfo.
[0313/040604.844:ERROR:process_reader_win.cc(126)] NtOpenThread: {Отказано в доступе} Процесс запросил доступ к объекту, но права на доступ не предоставлены. (0xc0000022)
[0313/040604.860:ERROR:exception_snapshot_win.cc(98)] thread ID 16852 not found in process
[0313/040604.844:ERROR:process_reader_win.cc(126)] NtOpenThread: {Отказано в доступе} Процесс запросил доступ к объекту, но права на доступ не предоставлены. (0xc0000022)
[0313/040604.844:ERROR:process_reader_win.cc(126)] NtOpenThread: {Отказано в доступе} Процесс запросил доступ к объекту, но права на доступ не предоставлены. (0xc0000022)
[0313/040604.860:ERROR:exception_snapshot_win.cc(98)] thread ID 6428 not found in process
[0313/040604.860:ERROR:exception_snapshot_win.cc(98)] thread ID 8600 not found in process
[0313/040604.844:ERROR:process_reader_win.cc(126)] NtOpenThread: {Отказано в доступе} Процесс запросил доступ к объекту, но права на доступ не предоставлены. (0xc0000022)
[0313/040604.860:ERROR:exception_snapshot_win.cc(98)] thread ID 37216 not found in process
[0313/040604.860:ERROR:process_reader_win.cc(126)] NtOpenThread: {Отказано в доступе} Процесс запросил доступ к объекту, но права на доступ не предоставлены. (0xc0000022)
[0313/040604.860:ERROR:exception_snapshot_win.cc(98)] thread ID 10220 not found in process
[0313/040604.844:ERROR:scoped_process_suspend.cc(40)] NtResumeProcess: Попытка доступа к процессу, выполняющему процедуру завершения. (0xc000010a)
[0313/040604.860:ERROR:process_reader_win.cc(126)] NtOpenThread: {Отказано в доступе} Процесс запросил доступ к объекту, но права на доступ не предоставлены. (0xc0000022)
[0313/040604.860:ERROR:exception_snapshot_win.cc(98)] thread ID 33524 not found in process
